2024-05-18 13:35:55,929 Showing statistics
2024-05-18 13:35:56,663 Showing statistics
2024-05-18 13:35:57,943 Showing statistics
2024-05-18 13:35:59,213 Showing statistics
2024-05-18 13:36:00,974 Showing statistics
2024-05-18 13:36:02,203 Showing statistics
2024-05-18 19:20:55,554 Car park page showed
2024-05-18 19:22:38,820 Car park page showed
2024-05-18 19:22:40,506 Cat facts showed
2024-05-18 19:23:45,357 Car park page showed
2024-05-18 19:23:46,048 Cat facts showed
2024-05-18 19:23:46,059 Discounts page showed
2024-05-18 19:23:46,071 Fines page showed
2024-05-18 19:23:56,538 Car park page showed
2024-05-18 19:23:57,478 Cat facts showed
2024-05-18 19:23:57,490 Discounts page showed
2024-05-18 19:23:57,502 Fines page showed
2024-05-18 19:24:17,331 Car park page showed
2024-05-18 19:24:18,021 Cat facts showed
2024-05-18 19:24:18,033 Discounts page showed
2024-05-18 19:24:18,045 Fines page showed
2024-05-18 19:24:34,228 Car park page showed
2024-05-18 19:24:34,908 Cat facts showed
2024-05-18 19:24:34,920 Discounts page showed
2024-05-18 19:24:34,933 Fines page showed
2024-05-18 19:24:56,788 Car park page showed
2024-05-18 19:24:57,490 Cat facts showed
2024-05-18 19:24:57,502 Discounts page showed
2024-05-18 19:24:57,514 Fines page showed
2024-05-18 19:25:25,484 Car park page showed
2024-05-18 19:25:26,190 Cat facts showed
2024-05-18 19:25:26,203 Discounts page showed
2024-05-18 19:25:26,215 Fines page showed
2024-05-18 19:27:19,255 Car park page showed
2024-05-18 19:27:20,025 Cat facts showed
2024-05-18 19:27:20,037 Discounts page showed
2024-05-18 19:27:20,048 Fines page showed
2024-05-18 19:27:20,088 Glossary page showed
2024-05-18 19:27:20,101 News list showed
2024-05-18 19:27:20,119 Reviews page showed
2024-05-18 19:29:00,611 Car park page showed
2024-05-18 19:29:01,388 Cat facts showed
2024-05-18 19:29:01,400 Discounts page showed
2024-05-18 19:29:01,413 Fines page showed
2024-05-18 19:29:01,450 Glossary page showed
2024-05-18 19:29:01,464 News list showed
2024-05-18 19:29:01,483 Reviews page showed
2024-05-18 19:29:58,563 Car park page showed
2024-05-18 19:29:59,281 Cat facts showed
2024-05-18 19:29:59,294 Discounts page showed
2024-05-18 19:29:59,328 Fines page showed
2024-05-18 19:29:59,367 Glossary page showed
2024-05-18 19:29:59,381 News list showed
2024-05-18 19:29:59,398 Reviews page showed
2024-05-18 19:30:12,791 Car park page showed
2024-05-18 19:30:13,572 Cat facts showed
2024-05-18 19:30:13,589 Car deleted
2024-05-18 19:30:13,593 Discounts page showed
2024-05-18 19:30:13,628 Fines page showed
2024-05-18 19:30:13,682 Glossary page showed
2024-05-18 19:30:13,695 News list showed
2024-05-18 19:30:13,715 Reviews page showed
2024-05-18 19:30:24,586 Car park page showed
2024-05-18 19:30:25,300 Cat facts showed
2024-05-18 19:30:25,317 Car deleted
2024-05-18 19:30:25,319 Discounts page showed
2024-05-18 19:30:25,351 Fines page showed
2024-05-18 19:30:25,392 Glossary page showed
2024-05-18 19:30:25,405 News list showed
2024-05-18 19:30:25,423 Reviews page showed
2024-05-18 19:49:50,640 Car park page showed
2024-05-18 19:49:51,507 Cat facts showed
2024-05-18 19:49:51,523 Car deleted
2024-05-18 19:49:51,528 Car brand deleted
2024-05-18 19:49:51,533 Discount deleted
2024-05-18 19:49:51,536 Fine deleted
2024-05-18 19:49:51,569 Discounts page showed
2024-05-18 19:49:51,669 Fines page showed
2024-05-18 19:49:51,711 Glossary page showed
2024-05-18 19:49:51,726 News list showed
2024-05-18 19:49:51,746 Reviews page showed
2024-05-18 19:50:09,303 Car park page showed
2024-05-18 19:50:10,208 Cat facts showed
2024-05-18 19:50:10,224 Car deleted
2024-05-18 19:50:10,230 Car brand deleted
2024-05-18 19:50:10,235 Discount deleted
2024-05-18 19:50:10,239 Fine deleted
2024-05-18 19:50:10,248 Discounts page showed
2024-05-18 19:50:10,336 Fines page showed
2024-05-18 19:50:10,375 Glossary page showed
2024-05-18 19:50:10,387 News list showed
2024-05-18 19:50:10,403 Reviews page showed
2024-05-18 19:50:46,055 Car park page showed
2024-05-18 19:50:46,748 Cat facts showed
2024-05-18 19:50:46,767 Car deleted
2024-05-18 19:50:46,773 Car brand deleted
2024-05-18 19:50:46,779 Discount deleted
2024-05-18 19:50:46,785 Fine deleted
2024-05-18 19:50:46,795 Discounts page showed
2024-05-18 19:50:46,908 Fines page showed
2024-05-18 19:50:46,950 Glossary page showed
2024-05-18 19:50:46,963 News list showed
2024-05-18 19:50:46,984 Reviews page showed
2024-05-18 19:51:30,414 Car park page showed
2024-05-18 19:51:31,120 Cat facts showed
2024-05-18 19:51:31,136 Car deleted
2024-05-18 19:51:31,142 Car brand deleted
2024-05-18 19:51:31,147 Discount deleted
2024-05-18 19:51:31,150 Fine deleted
2024-05-18 19:51:31,152 Discounts page showed
2024-05-18 19:51:31,250 Fines page showed
2024-05-18 19:51:31,291 Glossary page showed
2024-05-18 19:51:31,304 News list showed
2024-05-18 19:51:31,321 Reviews page showed
2024-05-18 19:52:29,693 Car park page showed
2024-05-18 19:52:30,391 Cat facts showed
2024-05-18 19:52:30,408 Car deleted
2024-05-18 19:52:30,413 Car brand deleted
2024-05-18 19:52:30,417 Discount deleted
2024-05-18 19:52:30,421 Fine deleted
2024-05-18 19:52:30,423 Discounts page showed
2024-05-18 19:52:30,520 Fines page showed
2024-05-18 19:52:30,560 Glossary page showed
2024-05-18 19:52:30,573 News list showed
2024-05-18 19:52:30,598 Reviews page showed
2024-05-18 19:53:17,034 Car park page showed
2024-05-18 19:53:17,733 Cat facts showed
2024-05-18 19:53:17,749 Car deleted
2024-05-18 19:53:17,754 Car brand deleted
2024-05-18 19:53:17,759 Discount deleted
2024-05-18 19:53:17,763 Fine deleted
2024-05-18 19:53:17,764 Discounts page showed
2024-05-18 19:53:17,863 Fines page showed
2024-05-18 19:53:17,903 Glossary page showed
2024-05-18 19:53:17,930 News list showed
2024-05-18 19:53:17,954 Reviews page showed
2024-05-18 19:54:08,199 Car park page showed
2024-05-18 19:54:08,965 Cat facts showed
2024-05-18 19:54:08,982 Car deleted
2024-05-18 19:54:08,987 Car brand deleted
2024-05-18 19:54:08,993 Discount deleted
2024-05-18 19:54:08,996 Fine deleted
2024-05-18 19:54:08,998 Discounts page showed
2024-05-18 19:54:09,094 Fines page showed
2024-05-18 19:54:09,137 Glossary page showed
2024-05-18 19:54:09,163 News list showed
2024-05-18 19:54:09,186 Reviews page showed
2024-05-18 19:55:44,425 Car park page showed
2024-05-18 19:55:45,329 Cat facts showed
2024-05-18 19:55:45,347 Car deleted
2024-05-18 19:55:45,352 Car brand deleted
2024-05-18 19:55:45,358 Discount deleted
2024-05-18 19:55:45,363 Fine deleted
2024-05-18 19:55:45,364 Discounts page showed
2024-05-18 19:55:45,474 Fines page showed
2024-05-18 19:55:45,513 Glossary page showed
2024-05-18 19:55:45,537 News list showed
2024-05-18 19:55:45,560 Reviews page showed
2024-05-18 19:56:37,504 Car park page showed
2024-05-18 19:56:38,232 Cat facts showed
2024-05-18 19:56:38,249 Car deleted
2024-05-18 19:56:38,255 Car brand deleted
2024-05-18 19:56:38,260 Discount deleted
2024-05-18 19:56:38,264 Fine deleted
2024-05-18 19:56:38,265 Discounts page showed
2024-05-18 19:56:38,366 Fines page showed
2024-05-18 19:56:38,410 Glossary page showed
2024-05-18 19:56:38,438 News list showed
2024-05-18 19:56:38,461 Reviews page showed
2024-05-18 19:57:26,242 Car park page showed
2024-05-18 19:57:27,051 Cat facts showed
2024-05-18 19:57:27,073 Car deleted
2024-05-18 19:57:27,078 Car brand deleted
2024-05-18 19:57:27,084 Discount deleted
2024-05-18 19:57:27,088 Fine deleted
2024-05-18 19:57:27,089 Discounts page showed
2024-05-18 19:57:27,189 Fines page showed
2024-05-18 19:57:27,230 Glossary page showed
2024-05-18 19:57:27,257 News list showed
2024-05-18 19:57:27,279 Reviews page showed
2024-05-18 19:58:20,939 Car park page showed
2024-05-18 19:58:21,633 Cat facts showed
2024-05-18 19:58:21,658 Car deleted
2024-05-18 19:58:21,664 Car brand deleted
2024-05-18 19:58:21,669 Discount deleted
2024-05-18 19:58:21,673 Fine deleted
2024-05-18 19:58:21,674 Discounts page showed
2024-05-18 19:58:21,769 Fines page showed
2024-05-18 19:58:21,807 Glossary page showed
2024-05-18 19:58:21,835 News list showed
2024-05-18 19:58:21,857 Reviews page showed
2024-05-18 19:58:45,016 Car park page showed
2024-05-18 19:58:45,744 Cat facts showed
2024-05-18 19:58:45,767 Car deleted
2024-05-18 19:58:45,772 Car brand deleted
2024-05-18 19:58:45,776 Discount deleted
2024-05-18 19:58:45,780 Fine deleted
2024-05-18 19:58:45,782 Discounts page showed
2024-05-18 19:58:45,878 Fines page showed
2024-05-18 19:58:45,914 Glossary page showed
2024-05-18 19:58:45,938 News list showed
2024-05-18 19:58:45,957 Reviews page showed
2024-05-18 19:58:51,387 Car park page showed
2024-05-18 19:58:52,493 Cat facts showed
2024-05-18 19:58:52,515 Car deleted
2024-05-18 19:58:52,521 Car brand deleted
2024-05-18 19:58:52,526 Discount deleted
2024-05-18 19:58:52,529 Fine deleted
2024-05-18 19:58:52,531 Discounts page showed
2024-05-18 19:58:52,628 Fines page showed
2024-05-18 19:58:52,666 Glossary page showed
2024-05-18 19:58:52,689 News list showed
2024-05-18 19:58:52,708 Reviews page showed
2024-05-18 20:00:09,365 Car park page showed
2024-05-18 20:00:12,856 Cat facts showed
2024-05-18 20:00:12,877 Car deleted
2024-05-18 20:00:12,881 Car brand deleted
2024-05-18 20:00:12,886 Discount deleted
2024-05-18 20:00:12,889 Fine deleted
2024-05-18 20:00:12,890 Discounts page showed
2024-05-18 20:00:13,002 Fines page showed
2024-05-18 20:00:13,045 Glossary page showed
2024-05-18 20:00:13,076 News list showed
2024-05-18 20:00:13,125 Reviews page showed
2024-05-18 20:00:59,867 Car park page showed
2024-05-18 20:01:00,627 Cat facts showed
2024-05-18 20:01:00,649 Car deleted
2024-05-18 20:01:00,654 Car brand deleted
2024-05-18 20:01:00,659 Discount deleted
2024-05-18 20:01:00,662 Fine deleted
2024-05-18 20:01:00,663 Discounts page showed
2024-05-18 20:01:00,765 Fines page showed
2024-05-18 20:01:00,805 Glossary page showed
2024-05-18 20:01:00,834 News list showed
2024-05-18 20:01:00,881 Reviews page showed
2024-05-18 20:01:00,892 Order has been successfuly made
2024-05-18 20:01:35,414 Car park page showed
2024-05-18 20:01:36,231 Cat facts showed
2024-05-18 20:01:36,253 Car deleted
2024-05-18 20:01:36,259 Car brand deleted
2024-05-18 20:01:36,265 Discount deleted
2024-05-18 20:01:36,269 Fine deleted
2024-05-18 20:01:36,270 Discounts page showed
2024-05-18 20:01:36,381 Fines page showed
2024-05-18 20:01:36,428 Glossary page showed
2024-05-18 20:01:36,462 Making order page showed
2024-05-18 20:01:36,481 News list showed
2024-05-18 20:01:36,528 Reviews page showed
2024-05-18 20:01:36,540 Order has been successfuly made
2024-05-18 20:01:51,207 Car park page showed
2024-05-18 20:01:51,929 Cat facts showed
2024-05-18 20:01:51,950 Car deleted
2024-05-18 20:01:51,955 Car brand deleted
2024-05-18 20:01:51,960 Discount deleted
2024-05-18 20:01:51,963 Fine deleted
2024-05-18 20:01:51,964 Discounts page showed
2024-05-18 20:01:52,067 Fines page showed
2024-05-18 20:01:52,108 Glossary page showed
2024-05-18 20:01:52,134 Making order page showed
2024-05-18 20:01:52,150 News list showed
2024-05-18 20:01:52,195 Reviews page showed
2024-05-18 20:01:52,207 Order has been successfuly made
2024-05-18 20:02:46,376 Car park page showed
2024-05-18 20:02:47,121 Cat facts showed
2024-05-18 20:02:47,142 Car deleted
2024-05-18 20:02:47,146 Car brand deleted
2024-05-18 20:02:47,151 Discount deleted
2024-05-18 20:02:47,155 Fine deleted
2024-05-18 20:02:47,156 Discounts page showed
2024-05-18 20:02:47,239 Fines page showed
2024-05-18 20:02:47,281 Glossary page showed
2024-05-18 20:02:47,307 Making order page showed
2024-05-18 20:02:47,325 News list showed
2024-05-18 20:02:47,369 Reviews page showed
2024-05-18 20:02:47,382 Order has been successfuly made
2024-05-18 20:02:58,132 Car park page showed
2024-05-18 20:02:58,842 Cat facts showed
2024-05-18 20:02:58,863 Car deleted
2024-05-18 20:02:58,869 Car brand deleted
2024-05-18 20:02:58,873 Discount deleted
2024-05-18 20:02:58,876 Fine deleted
2024-05-18 20:02:58,877 Discounts page showed
2024-05-18 20:02:58,969 Index page showed
2024-05-18 20:02:58,988 Fines page showed
2024-05-18 20:02:59,030 Glossary page showed
2024-05-18 20:02:59,055 Making order page showed
2024-05-18 20:02:59,072 News list showed
2024-05-18 20:02:59,117 Reviews page showed
2024-05-18 20:02:59,127 Order has been successfuly made
2024-05-18 20:03:36,641 Car park page showed
2024-05-18 20:03:37,623 Cat facts showed
2024-05-18 20:03:37,645 Car deleted
2024-05-18 20:03:37,654 Car brand deleted
2024-05-18 20:03:37,659 Discount deleted
2024-05-18 20:03:37,663 Fine deleted
2024-05-18 20:03:37,665 Discounts page showed
2024-05-18 20:03:37,749 Index page showed
2024-05-18 20:03:37,767 Fines page showed
2024-05-18 20:03:37,807 Glossary page showed
2024-05-18 20:03:37,833 Making order page showed
2024-05-18 20:03:37,852 News list showed
2024-05-18 20:03:37,898 Reviews page showed
2024-05-18 20:03:37,910 Order has been successfuly made
2024-05-18 20:03:56,374 Car park page showed
2024-05-18 20:03:57,226 Cat facts showed
2024-05-18 20:03:57,245 Car deleted
2024-05-18 20:03:57,251 Car brand deleted
2024-05-18 20:03:57,257 Discount deleted
2024-05-18 20:03:57,261 Fine deleted
2024-05-18 20:03:57,263 Discounts page showed
2024-05-18 20:03:57,350 Index page showed
2024-05-18 20:03:57,399 Fines page showed
2024-05-18 20:03:57,438 Glossary page showed
2024-05-18 20:03:57,462 Making order page showed
2024-05-18 20:03:57,477 News list showed
2024-05-18 20:03:57,516 Reviews page showed
2024-05-18 20:03:57,527 Order has been successfuly made
2024-05-18 20:04:19,052 Car park page showed
2024-05-18 20:04:19,764 Cat facts showed
2024-05-18 20:04:19,784 Car deleted
2024-05-18 20:04:19,790 Car brand deleted
2024-05-18 20:04:19,797 Discount deleted
2024-05-18 20:04:19,801 Fine deleted
2024-05-18 20:04:19,802 Discounts page showed
2024-05-18 20:04:19,815 About page showed
2024-05-18 20:04:19,895 Index page showed
2024-05-18 20:04:19,937 Fines page showed
2024-05-18 20:04:19,978 Glossary page showed
2024-05-18 20:04:20,003 Making order page showed
2024-05-18 20:04:20,020 News list showed
2024-05-18 20:04:20,064 Reviews page showed
2024-05-18 20:04:20,076 Order has been successfuly made
2024-05-18 20:04:55,219 Car park page showed
2024-05-18 20:04:55,936 Cat facts showed
2024-05-18 20:04:55,957 Car deleted
2024-05-18 20:04:55,962 Car brand deleted
2024-05-18 20:04:55,966 Discount deleted
2024-05-18 20:04:55,970 Fine deleted
2024-05-18 20:04:55,972 Discounts page showed
2024-05-18 20:04:55,983 About page showed
2024-05-18 20:04:56,067 Index page showed
2024-05-18 20:04:56,108 Fines page showed
2024-05-18 20:04:56,149 Glossary page showed
2024-05-18 20:04:56,175 Making order page showed
2024-05-18 20:04:56,192 News list showed
2024-05-18 20:04:56,232 Reviews page showed
2024-05-18 20:04:56,244 Order has been successfuly made
2024-05-18 20:05:10,466 Car park page showed
2024-05-18 20:05:11,226 Cat facts showed
2024-05-18 20:05:11,247 Car deleted
2024-05-18 20:05:11,255 Car brand deleted
2024-05-18 20:05:11,259 Discount deleted
2024-05-18 20:05:11,263 Fine deleted
2024-05-18 20:05:11,264 Discounts page showed
2024-05-18 20:05:11,279 About page showed
2024-05-18 20:05:11,363 Index page showed
2024-05-18 20:05:11,403 Fines page showed
2024-05-18 20:05:11,442 Glossary page showed
2024-05-18 20:05:11,466 Making order page showed
2024-05-18 20:05:11,480 News list showed
2024-05-18 20:05:11,520 Reviews page showed
2024-05-18 20:05:11,531 Order has been successfuly made
2024-05-18 20:06:10,521 Car park page showed
2024-05-18 20:06:11,297 Cat facts showed
2024-05-18 20:06:11,320 Car deleted
2024-05-18 20:06:11,325 Car brand deleted
2024-05-18 20:06:11,330 Discount deleted
2024-05-18 20:06:11,334 Fine deleted
2024-05-18 20:06:11,335 Discounts page showed
2024-05-18 20:06:11,347 About page showed
2024-05-18 20:06:11,394 Contacts page showed
2024-05-18 20:06:11,441 Index page showed
2024-05-18 20:06:11,458 Privacy policy page showed
2024-05-18 20:06:11,473 Vacancies page showed
2024-05-18 20:06:11,506 Fines page showed
2024-05-18 20:06:11,546 Glossary page showed
2024-05-18 20:06:11,568 Making order page showed
2024-05-18 20:06:11,583 News list showed
2024-05-18 20:06:11,624 Reviews page showed
2024-05-18 20:06:11,634 Order has been successfuly made
2024-05-18 20:08:03,669 Car park page showed
2024-05-18 20:08:04,472 Cat facts showed
2024-05-18 20:08:04,492 Car deleted
2024-05-18 20:08:04,497 Car brand deleted
2024-05-18 20:08:04,502 Discount deleted
2024-05-18 20:08:04,507 Fine deleted
2024-05-18 20:08:04,509 Discounts page showed
2024-05-18 20:08:04,522 About page showed
2024-05-18 20:08:04,572 Contacts page showed
2024-05-18 20:08:04,627 Index page showed
2024-05-18 20:08:04,650 Privacy policy page showed
2024-05-18 20:08:04,663 Vacancies page showed
2024-05-18 20:08:04,699 Fines page showed
2024-05-18 20:08:04,755 Glossary page showed
2024-05-18 20:08:04,784 Making order page showed
2024-05-18 20:08:04,799 News list showed
2024-05-18 20:08:04,839 Reviews page showed
2024-05-18 20:08:04,851 Order has been successfuly made
2024-05-18 20:08:37,118 Car park page showed
2024-05-18 20:08:37,822 Cat facts showed
2024-05-18 20:08:37,843 Car deleted
2024-05-18 20:08:37,849 Car brand deleted
2024-05-18 20:08:37,853 Discount deleted
2024-05-18 20:08:37,856 Fine deleted
2024-05-18 20:08:37,858 Discounts page showed
2024-05-18 20:08:37,868 About page showed
2024-05-18 20:08:37,912 Contacts page showed
2024-05-18 20:08:37,958 Index page showed
2024-05-18 20:08:37,973 Privacy policy page showed
2024-05-18 20:08:37,988 Vacancies page showed
2024-05-18 20:08:38,019 Fines page showed
2024-05-18 20:08:38,063 Glossary page showed
2024-05-18 20:08:38,095 Making order page showed
2024-05-18 20:08:38,109 News list showed
2024-05-18 20:08:38,152 Reviews page showed
2024-05-18 20:08:38,162 Order has been successfuly made
2024-05-18 20:10:45,178 Car park page showed
2024-05-18 20:10:45,885 Cat facts showed
2024-05-18 20:10:45,902 Car deleted
2024-05-18 20:10:45,907 Car brand deleted
2024-05-18 20:10:45,911 Discount deleted
2024-05-18 20:10:45,915 Fine deleted
2024-05-18 20:10:45,916 Discounts page showed
2024-05-18 20:10:46,014 Fines page showed
2024-05-18 20:10:46,055 Glossary page showed
2024-05-18 20:10:46,068 News list showed
2024-05-18 20:10:46,086 Reviews page showed
2024-05-18 20:10:46,125 About page showed
2024-05-18 20:10:46,135 Contacts page showed
2024-05-18 20:10:46,151 Index page showed
2024-05-18 20:10:46,168 Privacy policy page showed
2024-05-18 20:10:46,182 Vacancies page showed
2024-05-18 20:10:46,214 Making order page showed
2024-05-18 20:10:46,256 Order has been successfuly made
2024-05-18 20:11:21,026 Car park page showed
2024-05-18 20:11:21,777 Cat facts showed
2024-05-18 20:11:21,794 Car deleted
2024-05-18 20:11:21,800 Car brand deleted
2024-05-18 20:11:21,805 Discount deleted
2024-05-18 20:11:21,809 Fine deleted
2024-05-18 20:11:21,811 Discounts page showed
2024-05-18 20:11:21,908 Fines page showed
2024-05-18 20:11:21,948 Glossary page showed
2024-05-18 20:11:21,962 News list showed
2024-05-18 20:11:21,980 Reviews page showed
2024-05-18 20:11:22,019 About page showed
2024-05-18 20:11:22,031 Contacts page showed
2024-05-18 20:11:22,045 Index page showed
2024-05-18 20:11:22,060 Privacy policy page showed
2024-05-18 20:11:22,071 Vacancies page showed
2024-05-18 20:11:22,098 Making order page showed
2024-05-18 20:11:22,134 Order has been successfuly made
2024-05-18 20:12:06,481 Car park page showed
2024-05-18 20:12:07,179 Cat facts showed
2024-05-18 20:12:07,202 Car deleted
2024-05-18 20:12:07,209 Car brand deleted
2024-05-18 20:12:07,214 Discount deleted
2024-05-18 20:12:07,219 Fine deleted
2024-05-18 20:12:07,222 Discounts page showed
2024-05-18 20:12:07,235 About page showed
2024-05-18 20:12:07,281 Contacts page showed
2024-05-18 20:12:07,328 Index page showed
2024-05-18 20:12:07,344 Privacy policy page showed
2024-05-18 20:12:07,359 Vacancies page showed
2024-05-18 20:12:07,391 Fines page showed
2024-05-18 20:12:07,429 Glossary page showed
2024-05-18 20:12:07,457 Making order page showed
2024-05-18 20:12:07,472 News list showed
2024-05-18 20:12:07,514 Reviews page showed
2024-05-18 20:12:07,526 Order has been successfuly made
2024-05-18 20:13:57,909 Car park page showed
2024-05-18 20:13:58,643 Cat facts showed
2024-05-18 20:13:58,662 Car deleted
2024-05-18 20:13:58,668 Car brand deleted
2024-05-18 20:13:58,672 Discount deleted
2024-05-18 20:13:58,676 Fine deleted
2024-05-18 20:13:58,677 Discounts page showed
2024-05-18 20:13:58,690 About page showed
2024-05-18 20:13:58,737 Contacts page showed
2024-05-18 20:13:58,831 Index page showed
2024-05-18 20:13:58,864 Privacy policy page showed
2024-05-18 20:13:58,887 Vacancies page showed
2024-05-18 20:13:58,942 Fines page showed
2024-05-18 20:13:58,996 Glossary page showed
2024-05-18 20:13:59,030 Making order page showed
2024-05-18 20:13:59,048 News list showed
2024-05-18 20:13:59,094 Reviews page showed
2024-05-18 20:13:59,108 Order has been successfuly made
2024-05-18 20:14:17,012 Car park page showed
2024-05-18 20:14:17,813 Cat facts showed
2024-05-18 20:14:17,840 Car deleted
2024-05-18 20:14:17,845 Car brand deleted
2024-05-18 20:14:17,850 Discount deleted
2024-05-18 20:14:17,853 Fine deleted
2024-05-18 20:14:17,855 Discounts page showed
2024-05-18 20:14:17,877 About page showed
2024-05-18 20:14:17,944 Contacts page showed
2024-05-18 20:14:18,017 Index page showed
2024-05-18 20:14:18,047 Privacy policy page showed
2024-05-18 20:14:18,066 Vacancies page showed
2024-05-18 20:14:18,112 Fines page showed
2024-05-18 20:14:18,167 Glossary page showed
2024-05-18 20:14:18,206 Making order page showed
2024-05-18 20:14:18,230 News list showed
2024-05-18 20:14:18,298 Reviews page showed
2024-05-18 20:14:18,317 Order has been successfuly made
2024-05-18 20:24:36,558 Index page showed
2024-05-18 20:24:38,859 User successfuly logout
2024-05-18 20:24:43,271 User successfuly login
2024-05-18 20:24:43,300 Index page showed
2024-05-18 20:26:17,491 User profile showed
2024-05-18 20:26:59,230 Car park page showed
2024-05-18 20:26:59,787 Index page showed
2024-05-18 20:27:00,319 Car park page showed
2024-05-18 20:27:07,070 Contacts page showed
2024-05-18 20:27:25,532 Discounts page showed
2024-05-18 20:27:30,757 Fines page showed
2024-05-18 20:27:37,448 Reviews page showed
2024-05-18 20:27:43,157 Vacancies page showed
2024-05-18 20:27:48,291 Glossary page showed
2024-05-18 20:27:53,363 News list showed
2024-05-18 20:27:59,698 Cat facts showed
2024-05-18 20:28:05,162 About page showed
2024-05-18 20:28:12,481 List orders showed
2024-05-18 20:28:15,362 User profile showed
2024-05-18 20:28:16,883 User profile showed
2024-05-18 20:28:17,581 Car park page showed
2024-05-18 20:28:25,486 User successfuly logout
2024-05-18 20:28:29,347 User successfuly login
2024-05-18 20:28:29,372 Index page showed
2024-05-18 20:28:29,817 User profile showed
2024-05-18 20:28:30,355 List orders showed for worker
2024-05-18 20:28:37,489 User successfuly logout
2024-05-18 20:28:40,461 User successfuly login
2024-05-18 20:28:40,488 Index page showed
2024-05-18 20:28:42,667 Showing users list
2024-05-18 20:28:44,023 Car body types list showed
2024-05-18 20:28:45,358 Car brand deleted
2024-05-18 20:28:46,310 Showing statistics
2024-05-18 20:28:46,680 Car park page showed
2024-05-18 20:28:47,875 Showing statistics
2024-05-18 20:28:49,729 Car brand deleted
2024-05-18 20:28:50,207 Showing statistics
2024-05-18 20:28:51,099 Car brand deleted
2024-05-18 20:28:51,469 Showing statistics
2024-05-18 20:28:56,214 Car park page showed
2024-05-18 20:28:59,029 Showing users list
2024-05-18 20:29:08,822 Showing users list
2024-05-18 20:29:09,191 Car body types list showed
2024-05-18 20:29:14,420 Car brand deleted
2024-05-18 20:29:20,126 Showing statistics
2024-05-18 20:29:34,661 Showing users list
2024-05-18 20:29:35,443 Car body types list showed
2024-05-18 20:29:37,339 Car brand deleted
2024-05-18 20:29:37,837 Cat facts showed
2024-05-18 20:29:38,520 Car park page showed
2024-05-18 20:29:38,804 Car park page showed
2024-05-18 20:29:42,486 Car park page showed
2024-05-18 20:29:45,034 Car park page showed
2024-05-18 20:29:47,889 Car park page showed
2024-05-18 20:29:48,662 Car park page showed
2024-05-18 20:29:49,605 User successfuly logout
2024-05-18 20:29:57,732 Index page showed
2024-05-18 20:30:14,821 User successfuly login
2024-05-18 20:30:14,846 Index page showed
2024-05-18 20:42:00,794 Car park page showed
2024-05-18 20:42:01,595 Cat facts showed
2024-05-18 20:42:01,617 Car deleted
2024-05-18 20:42:01,623 Car brand deleted
2024-05-18 20:42:01,627 Discount deleted
2024-05-18 20:42:01,630 Fine deleted
2024-05-18 20:42:01,633 Discounts page showed
2024-05-18 20:42:01,644 About page showed
2024-05-18 20:42:01,689 Contacts page showed
2024-05-18 20:42:01,741 Index page showed
2024-05-18 20:42:01,759 Privacy policy page showed
2024-05-18 20:42:01,774 Vacancies page showed
2024-05-18 20:42:01,810 Fines page showed
2024-05-18 20:42:01,855 Glossary page showed
2024-05-18 20:42:01,884 Making order page showed
2024-05-18 20:42:01,901 News list showed
2024-05-18 20:42:01,941 Reviews page showed
2024-05-18 20:42:01,952 Order has been successfuly made
2024-05-18 20:44:27,814 Car park page showed
2024-05-18 20:44:28,951 Cat facts showed
2024-05-18 20:44:28,971 Car deleted
2024-05-18 20:44:28,977 Car brand deleted
2024-05-18 20:44:28,981 Discount deleted
2024-05-18 20:44:28,985 Fine deleted
2024-05-18 20:44:28,986 Discounts page showed
2024-05-18 20:44:28,998 About page showed
2024-05-18 20:44:29,054 Contacts page showed
2024-05-18 20:44:29,103 Index page showed
2024-05-18 20:44:29,118 Privacy policy page showed
2024-05-18 20:44:29,132 Vacancies page showed
2024-05-18 20:44:29,166 Fines page showed
2024-05-18 20:44:29,206 Glossary page showed
2024-05-18 20:44:29,233 Making order page showed
2024-05-18 20:44:29,248 News list showed
2024-05-18 20:44:29,299 Reviews page showed
2024-05-18 20:44:29,311 Order has been successfuly made
2024-05-18 20:44:43,635 Car park page showed
2024-05-18 20:44:45,151 Cat facts showed
2024-05-18 20:44:45,171 Car deleted
2024-05-18 20:44:45,176 Car brand deleted
2024-05-18 20:44:45,181 Discount deleted
2024-05-18 20:44:45,185 Fine deleted
2024-05-18 20:44:45,186 Discounts page showed
2024-05-18 20:44:45,198 About page showed
2024-05-18 20:44:45,245 Contacts page showed
2024-05-18 20:44:45,293 Index page showed
2024-05-18 20:44:45,309 Privacy policy page showed
2024-05-18 20:44:45,323 Vacancies page showed
2024-05-18 20:44:45,359 Fines page showed
2024-05-18 20:44:45,401 Glossary page showed
2024-05-18 20:44:45,431 Making order page showed
2024-05-18 20:44:45,446 News list showed
2024-05-18 20:44:45,490 Reviews page showed
2024-05-18 20:44:45,501 Order has been successfuly made
2024-05-18 20:45:01,708 Car park page showed
2024-05-18 20:45:03,211 Cat facts showed
2024-05-18 20:45:03,231 Car deleted
2024-05-18 20:45:03,236 Car brand deleted
2024-05-18 20:45:03,240 Discount deleted
2024-05-18 20:45:03,244 Fine deleted
2024-05-18 20:45:03,245 Discounts page showed
2024-05-18 20:45:03,257 About page showed
2024-05-18 20:45:03,302 Contacts page showed
2024-05-18 20:45:03,349 Index page showed
2024-05-18 20:45:03,366 Privacy policy page showed
2024-05-18 20:45:03,379 Vacancies page showed
2024-05-18 20:45:03,413 Fines page showed
2024-05-18 20:45:03,464 Glossary page showed
2024-05-18 20:45:03,496 Making order page showed
2024-05-18 20:45:03,512 News list showed
2024-05-18 20:45:03,557 Reviews page showed
2024-05-18 20:45:03,569 Order has been successfuly made
2024-05-24 00:42:07,332 Index page showed
2024-05-24 00:42:09,561 Index page showed
2024-05-24 00:42:10,226 Car park page showed
2024-05-24 00:42:11,897 Contacts page showed
2024-05-24 00:42:12,393 Car park page showed
2024-05-24 00:42:13,125 Car park page showed
2024-05-24 00:42:19,210 Showing users list
2024-05-24 00:42:19,623 Car body types list showed
2024-05-24 00:42:20,433 Showing users list
2024-05-24 00:42:21,991 Showing statistics
2024-05-24 00:42:28,663 Index page showed
2024-05-24 00:42:29,374 Car park page showed
2024-05-24 00:42:30,273 Index page showed
2024-05-24 00:42:30,903 Contacts page showed
2024-05-24 00:42:31,615 Car park page showed
2024-05-24 00:42:36,306 Car park page showed
2024-05-24 00:42:37,792 Car park page showed
2024-05-24 00:42:39,939 Car park page showed
2024-05-24 00:42:41,160 Car park page showed
2024-05-24 00:42:41,950 Car park page showed
2024-05-24 00:42:43,109 Car park page showed
2024-05-24 00:42:44,607 Car park page showed
2024-05-24 00:42:46,260 Car park page showed
2024-05-24 00:42:47,088 Car park page showed
2024-05-24 00:42:51,502 Car park page showed
2024-05-24 00:42:52,815 Index page showed
2024-05-24 00:42:53,972 Privacy policy page showed
2024-05-24 00:42:54,449 About page showed
2024-05-24 00:42:55,246 Index page showed
2024-05-24 00:42:59,101 Car park page showed
2024-05-24 00:43:00,522 Contacts page showed
2024-05-24 00:43:01,558 News list showed
2024-05-24 00:43:02,781 Cat facts showed
2024-05-24 00:43:03,384 News list showed
2024-05-24 00:43:09,413 Glossary page showed
2024-05-24 00:43:09,841 News list showed
2024-05-24 00:43:10,536 Vacancies page showed
2024-05-24 00:43:11,626 Glossary page showed
2024-05-24 00:43:12,215 Reviews page showed
2024-05-24 00:43:13,082 Car body types list showed
2024-05-24 00:43:14,044 Reviews page showed
2024-05-24 00:43:15,021 Fines page showed
2024-05-24 00:43:15,937 Reviews page showed
2024-05-24 00:43:20,327 Index page showed
2024-05-24 00:43:21,272 Reviews page showed
2024-05-24 00:44:00,868 Reviews page showed
2024-05-24 00:44:02,014 Index page showed
2024-05-24 00:44:03,941 User successfuly logout
2024-05-24 00:44:08,050 User successfuly login
2024-05-24 00:44:08,076 Index page showed
2024-05-24 00:44:08,845 Fines page showed
2024-05-24 00:44:09,270 Discounts page showed
2024-05-24 00:44:10,534 User profile showed
2024-05-24 00:44:13,252 Index page showed
2024-05-24 00:44:14,290 Car park page showed
2024-05-24 00:44:14,630 Contacts page showed
2024-05-24 00:44:15,382 Car park page showed
2024-05-24 00:44:16,792 Index page showed
2024-05-24 00:44:17,168 Car park page showed
2024-05-24 00:44:18,619 Car park page showed
2024-05-24 00:44:19,617 Car park page showed
2024-05-24 00:44:20,532 Car park page showed
2024-05-24 00:44:21,701 Index page showed
2024-05-24 00:44:27,813 News list showed
2024-05-24 00:44:28,293 Glossary page showed
2024-05-24 00:44:29,104 Index page showed
2024-05-24 00:46:34,512 Car park page showed
2024-05-24 00:46:34,840 Contacts page showed
2024-05-24 00:46:35,148 Discounts page showed
2024-05-24 00:46:35,683 Fines page showed
2024-05-24 00:46:36,217 Discounts page showed
2024-05-24 00:46:37,656 Index page showed
2024-05-24 00:46:43,997 Car park page showed
2024-05-24 00:46:44,422 Index page showed
2024-05-24 00:47:14,288 Car park page showed
2024-05-24 00:47:15,776 Car park page showed
2024-05-24 00:47:16,500 Index page showed
2024-05-24 00:47:16,783 Car park page showed
2024-05-24 00:47:17,032 Contacts page showed
2024-05-24 00:47:17,299 Discounts page showed
2024-05-24 00:47:17,662 Index page showed
2024-06-06 23:48:35,772 Index page showed
2024-06-06 23:50:27,481 Cat facts showed
2024-06-06 23:55:44,355 Car park page showed
2024-06-06 23:55:50,934 Fines page showed
2024-06-06 23:55:55,306 Discounts page showed
2024-06-07 00:08:15,514 User successfuly login
2024-06-07 00:08:15,532 Index page showed
2024-06-07 01:07:50,632 Car park page showed
2024-06-07 01:08:02,459 Contacts page showed
2024-06-07 01:08:46,583 Discounts page showed
2024-06-07 01:08:49,141 Reviews page showed
2024-06-07 01:09:02,045 Vacancies page showed
2024-06-07 01:09:05,565 Glossary page showed
2024-06-07 01:09:08,229 News list showed
2024-06-07 01:09:24,386 Cat facts showed
2024-06-07 01:09:28,684 About page showed
2024-06-07 01:09:32,762 Privacy policy page showed
2024-06-07 01:09:42,405 Showing users list
2024-06-07 01:09:50,422 Car body types list showed
2024-06-07 01:09:54,268 Car brand deleted
2024-06-07 01:09:56,810 Showing statistics
2024-06-07 01:10:09,828 User successfuly logout
2024-06-07 01:39:00,032 User registered
2024-06-07 01:39:00,061 User profile showed
2024-06-07 01:39:31,855 User profile showed
2024-06-07 01:39:56,279 Index page showed
2024-06-07 01:39:57,919 User profile showed
2024-06-07 01:39:59,690 Index page showed
2024-06-07 01:40:06,690 Car park page showed
2024-06-07 01:40:08,599 Contacts page showed
2024-06-07 01:40:55,108 Discounts page showed
2024-06-07 01:41:57,182 Fines page showed
2024-06-07 01:41:59,568 Reviews page showed
2024-06-07 01:42:02,483 Vacancies page showed
2024-06-07 01:42:04,408 Glossary page showed
2024-06-07 01:43:41,327 Vacancies page showed
2024-06-07 01:43:43,190 Glossary page showed
2024-06-07 01:43:45,714 News list showed
2024-06-07 01:43:59,880 Cat facts showed
2024-06-07 01:44:09,257 About page showed
2024-06-07 01:44:11,032 Privacy policy page showed
2024-06-07 01:44:18,872 Index page showed
2024-06-07 01:44:33,621 User profile showed
2024-06-07 01:44:36,386 Privacy policy page showed
2024-06-07 01:44:37,477 About page showed
2024-06-07 01:44:38,502 Cat facts showed
2024-06-07 01:44:41,942 News list showed
2024-06-07 01:44:44,486 News list showed
2024-06-07 01:44:45,702 Glossary page showed
2024-06-07 01:44:47,249 Vacancies page showed
2024-06-07 02:45:27,684 Index page showed
2024-06-07 03:32:59,269 Vacancies page showed
2024-06-07 03:33:03,404 About page showed
2024-06-07 03:35:48,794 Index page showed
2024-06-07 03:36:37,880 About page showed
2024-06-07 03:43:16,915 About page showed
2024-06-07 03:43:18,852 About page showed
2024-06-07 03:43:19,718 About page showed
2024-06-07 03:43:22,722 Car park page showed
2024-06-07 03:43:53,705 Car park page showed
2024-06-07 03:43:55,504 Index page showed
2024-06-07 03:43:56,715 Index page showed
2024-06-07 03:43:57,165 Index page showed
2024-06-07 03:43:58,246 Index page showed
2024-06-07 03:43:59,342 User successfuly logout
2024-06-07 03:44:02,685 Index page showed
2024-06-07 03:44:03,465 Index page showed
2024-06-07 03:44:07,343 Index page showed
2024-06-07 03:46:20,558 Index page showed
2024-06-07 03:46:39,025 Index page showed
2024-06-07 03:46:40,480 Car park page showed
2024-06-07 03:46:58,616 Contacts page showed
2024-06-07 03:47:05,876 Discounts page showed
2024-06-07 03:47:10,612 Reviews page showed
2024-06-07 03:47:13,519 Vacancies page showed
2024-06-07 03:47:34,551 User successfuly login
2024-06-07 03:47:34,569 Index page showed
2024-06-07 03:49:59,549 Index page showed
2024-06-07 03:50:05,310 Vacancies page showed
2024-06-07 03:50:30,188 Glossary page showed
2024-06-07 03:52:41,575 Glossary page showed
2024-06-07 03:52:51,870 News list showed
2024-06-07 03:53:24,525 Index page showed
2024-06-07 03:53:28,846 Car park page showed
2024-06-07 03:53:32,259 Contacts page showed
2024-06-07 03:54:41,990 Worker edited
2024-06-07 03:54:41,995 Contacts page showed
2024-06-07 03:54:45,495 Contacts page showed
2024-06-07 03:54:46,775 Contacts page showed
2024-06-07 03:54:47,315 Contacts page showed
2024-06-07 03:55:00,159 Worker edited
2024-06-07 03:55:00,162 Contacts page showed
2024-06-07 03:55:02,539 Contacts page showed
2024-06-07 03:55:25,845 Worker edited
2024-06-07 03:55:25,845 Contacts page showed
2024-06-07 03:55:27,505 Contacts page showed
2024-06-07 03:56:34,705 Contacts page showed
2024-06-07 03:57:53,614 Contacts page showed
2024-06-07 03:58:14,919 Worker deleted
2024-06-07 03:58:14,922 Contacts page showed
2024-06-07 03:58:23,315 Worker deleted
2024-06-07 03:58:23,315 Contacts page showed
2024-06-07 03:58:25,919 Worker deleted
2024-06-07 03:58:25,921 Contacts page showed
2024-06-07 03:58:39,771 Worker deleted
2024-06-07 03:58:39,774 Contacts page showed
2024-06-07 03:59:05,897 Contacts page showed
2024-06-07 04:04:12,129 Worker edited
2024-06-07 04:04:12,131 Contacts page showed
2024-06-07 04:04:37,666 Worker edited
2024-06-07 04:04:37,669 Contacts page showed
2024-06-07 04:04:50,938 Worker deleted
2024-06-07 04:04:50,938 Contacts page showed
2024-06-07 04:05:03,390 Discounts page showed
2024-06-07 04:05:06,346 Reviews page showed
2024-06-07 04:05:07,858 Vacancies page showed
2024-06-07 04:05:09,472 Glossary page showed
2024-06-07 04:05:10,407 News list showed
2024-06-07 04:05:14,241 Cat facts showed
2024-06-07 04:05:15,877 About page showed
2024-06-07 04:05:17,294 Privacy policy page showed
2024-06-07 04:05:18,677 About page showed
2024-06-07 04:05:21,429 Privacy policy page showed
2024-06-07 04:05:26,695 Showing users list
2024-06-07 04:25:52,746 Showing users list
2024-06-07 04:25:55,337 Contacts page showed
2024-06-07 04:26:04,022 Reviews page showed
2024-06-07 04:26:04,936 Vacancies page showed
2024-06-07 04:26:05,528 Glossary page showed
2024-06-07 04:26:06,160 News list showed
2024-06-07 04:26:07,657 Cat facts showed
2024-06-07 04:26:08,086 About page showed
2024-06-07 04:26:08,999 Privacy policy page showed
2024-06-07 04:26:10,009 Showing users list
2024-06-07 04:26:37,247 User edited
2024-06-07 04:26:37,252 Showing users list
2024-06-07 04:29:17,595 Car body types list showed
2024-06-07 04:29:19,971 Car brand deleted
2024-06-07 04:29:21,448 Showing statistics
2024-06-07 04:29:22,543 Car park page showed
2024-06-07 04:29:27,822 Car park page showed
2024-06-07 04:29:31,856 Car park page showed
2024-06-07 04:29:37,285 Car park page showed
2024-06-07 04:29:41,742 Car park page showed
2024-06-07 04:29:55,933 Showing statistics
2024-06-07 04:32:13,963 Car park page showed
2024-06-07 04:33:13,298 User successfuly logout
2024-06-07 04:33:28,467 User successfuly login
2024-06-07 04:33:28,477 Index page showed
2024-06-07 04:33:32,165 Car park page showed
2024-06-07 04:33:39,267 Car park page showed
2024-06-07 04:33:39,280 Making order page showed
2024-06-07 04:56:13,511 Index page showed
2024-06-07 04:56:16,463 Car park page showed
2024-06-07 04:56:22,326 Car park page showed
2024-06-07 04:56:22,326 Making order page showed
2024-06-07 04:58:50,524 Car park page showed
2024-06-07 04:58:51,425 Car park page showed
2024-06-07 04:58:51,624 Car park page showed
2024-06-07 04:58:51,858 Car park page showed
2024-06-07 04:58:52,051 Car park page showed
2024-06-07 04:58:52,234 Car park page showed
2024-06-07 05:04:42,288 Index page showed
2024-06-07 05:04:46,957 Car park page showed
2024-06-07 05:10:54,881 Index page showed
2024-06-07 05:10:56,385 Car park page showed
2024-06-07 05:11:00,145 Car park page showed
2024-06-07 05:11:02,129 Car park page showed
2024-06-07 05:11:02,877 Car park page showed
2024-06-07 05:11:03,133 Car park page showed
2024-06-07 05:11:03,627 Car park page showed
2024-06-07 05:11:03,981 Car park page showed
2024-06-07 05:11:04,581 Car park page showed
2024-06-07 05:11:04,912 Car park page showed
2024-06-07 05:11:05,124 Car park page showed
2024-06-07 05:11:11,300 News list showed
2024-06-07 05:11:12,936 Glossary page showed
2024-06-07 05:11:13,900 Vacancies page showed
2024-06-07 05:11:15,680 About page showed
2024-06-07 05:11:15,955 Cat facts showed
2024-06-07 05:11:17,500 Contacts page showed
2024-06-07 05:11:22,187 Reviews page showed
2024-06-07 05:11:22,830 Vacancies page showed
2024-06-07 05:11:24,293 Reviews page showed
2024-06-07 05:11:25,031 Car park page showed
2024-06-07 05:13:07,685 Car park page showed
2024-06-07 05:13:09,154 Car park page showed
2024-06-07 05:13:09,710 Car park page showed
2024-06-07 05:13:10,078 Car park page showed
2024-06-07 05:13:10,260 Car park page showed
2024-06-07 05:13:10,452 Car park page showed
2024-06-07 05:17:04,755 Index page showed
2024-06-07 05:17:06,770 Car park page showed
2024-06-07 05:17:07,870 Car park page showed
2024-06-07 05:18:10,644 Index page showed
2024-06-07 05:18:12,306 Car park page showed
2024-06-07 05:18:13,494 Car park page showed
2024-06-07 05:19:08,003 Index page showed
2024-06-07 05:19:09,309 Car park page showed
2024-06-07 05:19:10,439 Car park page showed
2024-06-07 05:19:10,439 Buying car page showed
2024-06-07 05:19:16,740 Car park page showed
2024-06-07 05:19:24,057 Car park page showed
2024-06-07 05:19:25,927 Car park page showed
2024-06-07 05:19:28,459 Car park page showed
2024-06-07 05:19:37,645 User successfuly logout
2024-06-07 05:19:42,855 User successfuly login
2024-06-07 05:19:42,874 Index page showed
2024-06-07 05:20:51,628 User successfuly logout
2024-06-07 05:21:01,305 User successfuly login
2024-06-07 05:21:01,320 Index page showed
2024-06-07 05:21:03,929 Car park page showed
2024-06-07 05:21:06,163 Car park page showed
2024-06-07 05:21:06,175 Buying car page showed
2024-06-07 05:21:16,093 Discounts page showed
2024-06-07 05:21:30,562 Buying car page showed
2024-06-07 05:22:57,695 Car park page showed
2024-06-07 05:22:59,595 Car park page showed
2024-06-07 05:22:59,862 Car park page showed
2024-06-07 05:23:00,337 Car park page showed
2024-06-07 05:26:08,310 Index page showed
2024-06-07 05:26:11,836 User successfuly logout
2024-06-07 05:26:20,619 User successfuly login
2024-06-07 05:26:20,638 Index page showed
2024-06-07 05:26:23,905 Car park page showed
2024-06-07 05:26:26,138 Car park page showed
2024-06-07 05:26:26,143 Buying car page showed
2024-06-07 05:26:32,491 Discounts page showed
2024-06-07 05:26:40,054 Buying car page showed
2024-06-07 05:30:25,179 Index page showed
2024-06-07 05:30:26,914 Discounts page showed
2024-06-07 05:30:31,308 Car park page showed
2024-06-07 05:30:32,946 Car park page showed
2024-06-07 05:30:32,951 Buying car page showed
2024-06-07 05:30:36,367 Buying car page showed
2024-06-07 05:30:36,390 Order 1 has been successfully completed.
2024-06-07 05:48:53,941 Index page showed
2024-06-07 05:48:56,161 User profile showed
2024-06-07 05:49:07,537 Car park page showed
2024-06-07 05:49:09,897 Car park page showed
2024-06-07 05:49:14,090 Car park page showed
2024-06-07 05:49:14,102 Buying car page showed
2024-06-07 05:49:18,146 Discounts page showed
2024-06-07 05:49:27,568 Buying car page showed
2024-06-07 05:49:27,590 Order 2 has been successfully completed.
2024-06-07 05:49:43,629 User successfuly logout
2024-06-07 05:49:48,300 User successfuly login
2024-06-07 05:49:48,320 Index page showed
2024-06-07 05:49:55,218 Car park page showed
2024-06-07 05:49:57,787 Buying car page showed
2024-06-07 05:58:21,169 Index page showed
2024-06-07 05:58:22,774 User successfuly logout
2024-06-07 05:58:29,822 User successfuly login
2024-06-07 05:58:29,849 Index page showed
2024-06-07 05:58:32,712 Car park page showed
2024-06-07 05:58:35,839 Car park page showed
2024-06-07 05:58:35,839 Buying car page showed
2024-06-07 05:58:38,662 Discounts page showed
2024-06-07 05:58:46,142 Buying car page showed
2024-06-07 05:58:46,166 Order 3 has been successfully completed.
2024-06-07 05:58:53,040 User successfuly logout
2024-06-07 05:58:57,430 User successfuly login
2024-06-07 05:58:57,435 Index page showed
2024-06-07 06:08:51,052 Index page showed
2024-06-07 06:08:53,679 User successfuly logout
2024-06-07 06:09:02,350 User successfuly login
2024-06-07 06:09:02,367 Index page showed
2024-06-07 06:09:19,320 Car park page showed
2024-06-07 06:09:22,306 Car park page showed
2024-06-07 06:09:22,317 Buying car page showed
2024-06-07 06:09:25,072 Discounts page showed
2024-06-07 06:09:36,818 Buying car page showed
2024-06-07 06:09:36,838 Order 4 has been successfully completed.
2024-06-07 06:12:33,603 Order 4 has been successfully completed.
2024-06-07 06:12:34,226 Order 4 has been successfully completed.
2024-06-07 06:12:59,887 Order 4 has been successfully completed.
2024-06-07 06:12:59,887 Error processing order 4: Could not parse the remainder: ' - order.discount_amount' from 'order.car.price - order.discount_amount'
2024-06-07 06:13:02,862 Order 4 has been successfully completed.
2024-06-07 06:13:02,862 Error processing order 4: Could not parse the remainder: ' - order.discount_amount' from 'order.car.price - order.discount_amount'
2024-06-07 06:13:03,467 Order 4 has been successfully completed.
2024-06-07 06:13:03,467 Error processing order 4: Could not parse the remainder: ' - order.discount_amount' from 'order.car.price - order.discount_amount'
2024-06-07 06:13:05,267 Order 4 has been successfully completed.
2024-06-07 06:13:05,267 Error processing order 4: Could not parse the remainder: ' - order.discount_amount' from 'order.car.price - order.discount_amount'
2024-06-07 06:13:09,974 Buying car page showed
2024-06-07 06:13:12,539 Car park page showed
2024-06-07 06:13:15,124 Car park page showed
2024-06-07 06:13:15,128 Buying car page showed
2024-06-07 06:13:22,021 Buying car page showed
2024-06-07 06:13:22,038 Order 5 has been successfully completed.
2024-06-07 06:13:22,038 Error processing order 5: Could not parse the remainder: ' - order.discount_amount' from 'order.car.price - order.discount_amount'
2024-06-07 06:13:24,939 Order 5 has been successfully completed.
2024-06-07 06:13:24,939 Error processing order 5: Could not parse the remainder: ' - order.discount_amount' from 'order.car.price - order.discount_amount'
2024-06-07 06:13:25,645 Order 5 has been successfully completed.
2024-06-07 06:13:25,645 Error processing order 5: Could not parse the remainder: ' - order.discount_amount' from 'order.car.price - order.discount_amount'
2024-06-07 06:13:26,145 Order 5 has been successfully completed.
2024-06-07 06:13:26,145 Error processing order 5: Could not parse the remainder: ' - order.discount_amount' from 'order.car.price - order.discount_amount'
2024-06-07 06:13:26,354 Order 5 has been successfully completed.
2024-06-07 06:13:26,354 Error processing order 5: Could not parse the remainder: ' - order.discount_amount' from 'order.car.price - order.discount_amount'
2024-06-07 06:13:26,529 Order 5 has been successfully completed.
2024-06-07 06:13:26,529 Error processing order 5: Could not parse the remainder: ' - order.discount_amount' from 'order.car.price - order.discount_amount'
2024-06-07 06:13:26,706 Order 5 has been successfully completed.
2024-06-07 06:13:26,706 Error processing order 5: Could not parse the remainder: ' - order.discount_amount' from 'order.car.price - order.discount_amount'
2024-06-07 06:13:27,071 Order 5 has been successfully completed.
2024-06-07 06:13:27,071 Error processing order 5: Could not parse the remainder: ' - order.discount_amount' from 'order.car.price - order.discount_amount'
2024-06-07 06:13:31,430 Order 5 has been successfully completed.
2024-06-07 06:13:31,430 Error processing order 5: Could not parse the remainder: ' - order.discount_amount' from 'order.car.price - order.discount_amount'
2024-06-07 06:13:34,178 Order 5 has been successfully completed.
2024-06-07 06:13:34,178 Error processing order 5: Could not parse the remainder: ' - order.discount_amount' from 'order.car.price - order.discount_amount'
2024-06-07 06:28:31,399 Car park page showed
2024-06-07 06:28:34,843 Index page showed
2024-06-07 06:28:35,702 User successfuly logout
2024-06-07 06:28:42,165 User successfuly login
2024-06-07 06:28:42,195 Index page showed
2024-06-07 06:28:45,366 Car park page showed
2024-06-07 06:28:54,497 User profile showed
2024-06-07 06:28:58,307 Privacy policy page showed
2024-06-07 06:28:59,122 About page showed
2024-06-07 06:29:00,774 Cat facts showed
2024-06-07 06:29:01,524 News list showed
2024-06-07 06:29:02,922 Glossary page showed
2024-06-07 06:29:03,973 Vacancies page showed
2024-06-07 06:29:05,436 Reviews page showed
2024-06-07 06:29:07,390 Discounts page showed
2024-06-07 06:29:10,356 Contacts page showed
2024-06-07 06:29:15,619 Car park page showed
2024-06-07 06:31:27,066 Index page showed
2024-06-07 06:31:29,529 Car park page showed
2024-06-07 06:31:31,237 Car park page showed
2024-06-07 06:31:31,248 Buying car page showed
2024-06-07 06:31:40,830 Buying car page showed
2024-06-07 06:31:40,862 Order 6 has been successfully completed.
2024-06-07 06:31:40,862 Error processing order 6: Could not parse the remainder: ' - order.discount_amount' from 'order.car.price - order.discount_amount'
2024-06-07 06:35:44,868 Index page showed
2024-06-07 06:35:47,902 Car park page showed
2024-06-07 06:35:49,341 Car park page showed
2024-06-07 06:35:49,352 Buying car page showed
2024-06-07 06:36:00,218 Buying car page showed
2024-06-07 06:38:41,787 Index page showed
2024-06-07 06:38:44,922 User successfuly logout
2024-06-07 06:38:52,629 User successfuly login
2024-06-07 06:38:52,646 Index page showed
2024-06-07 06:38:56,524 Car park page showed
2024-06-07 06:38:59,678 Car park page showed
2024-06-07 06:38:59,685 Buying car page showed
2024-06-07 06:39:07,432 Buying car page showed
2024-06-07 06:39:07,456 Order 7 has been successfully completed.
2024-06-07 06:39:37,038 Order 1 not found.
2024-06-07 06:39:55,367 User successfuly logout
2024-06-07 06:42:40,024 Index page showed
2024-06-07 06:42:44,226 User successfuly logout
2024-06-07 06:42:51,149 User successfuly login
2024-06-07 06:42:51,169 Index page showed
2024-06-07 06:47:33,242 Index page showed
2024-06-07 06:47:35,390 User profile showed
2024-06-07 06:48:29,564 Car park page showed
2024-06-07 06:48:31,350 Car park page showed
2024-06-07 06:48:31,356 Buying car page showed
2024-06-07 06:48:35,382 Discounts page showed
2024-06-07 06:48:40,522 Car park page showed
2024-06-07 06:48:47,136 Buying car page showed
2024-06-07 06:48:47,157 Order 8 has been successfully completed.
2024-06-07 06:49:00,708 Index page showed
2024-06-07 06:49:07,455 Car park page showed
2024-06-07 06:49:09,888 Contacts page showed
2024-06-07 06:49:20,099 Reviews page showed
2024-06-07 06:49:20,877 Discounts page showed
2024-06-07 06:49:22,089 Reviews page showed
2024-06-07 06:49:23,651 Vacancies page showed
2024-06-07 06:49:24,949 Reviews page showed
2024-06-07 07:11:39,561 Review page showed
2024-06-07 07:11:39,564 Reviews page showed
2024-06-07 07:11:52,911 Vacancies page showed
2024-06-07 07:11:54,762 Glossary page showed
2024-06-07 07:11:55,541 News list showed
2024-06-07 07:12:01,642 Cat facts showed
2024-06-07 07:12:04,046 About page showed
2024-06-07 07:12:05,352 Privacy policy page showed
2024-06-07 07:12:07,245 User profile showed
2024-06-07 07:12:14,873 Index page showed
2024-06-07 07:12:28,084 User successfuly logout
2024-06-07 07:12:34,816 User successfuly login
2024-06-07 07:12:34,837 Index page showed
2024-06-07 07:12:37,231 Reviews page showed
2024-06-07 07:12:40,595 Reviews page showed
2024-06-07 07:12:41,173 Discounts page showed
2024-06-07 07:12:42,119 Contacts page showed
2024-06-07 07:12:42,854 Car park page showed
2024-06-07 07:12:44,966 Glossary page showed
2024-06-07 07:12:46,191 News list showed
2024-06-07 07:12:47,983 Cat facts showed
2024-06-07 07:12:48,510 About page showed
2024-06-07 07:12:49,057 Privacy policy page showed
2024-06-07 07:14:59,906 Showing users list
2024-06-07 07:15:12,960 Showing users list
2024-06-07 07:15:18,382 Car body types list showed
2024-06-07 07:15:21,535 Car brand deleted
2024-06-07 07:17:28,607 Showing statistics
2024-06-07 07:18:05,884 Showing users list
2024-06-07 07:18:23,701 Showing statistics
2024-06-07 07:19:44,085 Showing statistics
2024-06-07 07:19:59,476 Showing users list
2024-06-07 07:20:08,776 Car body types list showed
2024-06-07 07:20:13,598 Car brand deleted
2024-06-07 07:20:17,419 Showing statistics
2024-06-07 07:20:19,036 Car park page showed
2024-06-07 07:20:20,108 Car park page showed
2024-06-07 07:20:22,196 Contacts page showed
2024-06-07 07:20:33,025 Worker edited
2024-06-07 07:20:33,027 Contacts page showed
2024-06-07 07:20:35,750 Contacts page showed
2024-06-07 07:21:27,052 Contacts page showed
2024-06-07 07:21:59,289 Worker edited
2024-06-07 07:21:59,292 Contacts page showed
2024-06-07 07:22:14,367 Worker edited
2024-06-07 07:22:14,369 Contacts page showed
2024-06-07 07:22:17,194 Contacts page showed
2024-06-07 07:22:44,387 Contacts page showed
2024-06-07 07:23:06,812 Contacts page showed
2024-06-07 07:23:16,567 Showing statistics
2024-06-07 07:23:21,350 Car brand deleted
2024-06-07 07:23:22,847 Car body types list showed
2024-06-07 07:24:06,676 User successfuly logout
2024-06-07 07:24:20,116 User successfuly login
2024-06-07 07:24:20,132 Index page showed
2024-06-07 07:24:21,795 User profile showed
2024-06-07 07:27:19,982 List orders showed for worker
2024-06-07 07:29:12,907 List orders showed for worker
2024-06-07 07:29:36,593 User successfuly logout
2024-06-07 07:29:41,378 User successfuly login
2024-06-07 07:29:41,399 Index page showed
2024-06-07 07:30:26,601 User successfuly logout
2024-06-07 07:30:38,562 User successfuly login
2024-06-07 07:30:38,579 Index page showed
2024-06-07 07:30:41,849 List orders showed for worker
2024-06-07 07:31:55,726 List orders showed for worker
2024-06-07 07:33:31,087 List orders showed for worker
2024-06-07 07:34:16,518 List orders showed for worker
2024-06-07 07:34:20,548 User profile showed
2024-06-07 07:34:38,234 User successfuly logout
2024-06-07 07:34:42,051 User successfuly login
2024-06-07 07:34:42,069 Index page showed
2024-06-07 07:35:06,898 User successfuly logout
2024-06-07 07:35:16,298 User successfuly login
2024-06-07 07:35:16,316 Index page showed
2024-06-07 07:35:22,235 Car park page showed
2024-06-07 07:35:25,237 Contacts page showed
2024-06-07 07:35:36,853 Discounts page showed
2024-06-07 07:35:38,065 Reviews page showed
2024-06-07 07:35:39,791 Glossary page showed
2024-06-07 07:35:41,107 News list showed
2024-06-07 07:35:42,778 Cat facts showed
2024-06-07 07:35:43,688 About page showed
2024-06-07 07:35:45,114 Privacy policy page showed
2024-06-07 07:35:46,161 User profile showed
2024-06-07 07:35:46,862 List orders showed for worker
2024-06-07 07:35:51,577 User successfuly logout
2024-06-07 07:36:02,936 User successfuly login
2024-06-07 07:36:02,954 Index page showed
2024-06-07 07:36:08,587 User profile showed
2024-06-07 07:36:10,530 Privacy policy page showed
2024-06-07 07:36:11,093 About page showed
2024-06-07 07:36:12,301 Cat facts showed
2024-06-07 07:36:12,883 News list showed
2024-06-07 07:36:13,598 Glossary page showed
2024-06-07 07:36:14,150 Vacancies page showed
2024-06-07 07:36:15,403 Vacancies page showed
2024-06-07 07:36:16,775 Reviews page showed
2024-06-07 07:36:18,965 Discounts page showed
2024-06-07 07:36:20,140 Contacts page showed
2024-06-07 07:36:21,041 Car park page showed
2024-06-07 10:24:57,946 Index page showed
2024-06-07 10:27:22,188 User successfuly logout
2024-06-07 10:27:24,246 Index page showed
2024-06-07 10:27:31,433 User successfuly login
2024-06-07 10:27:31,446 Index page showed
2024-06-07 10:28:34,196 Showing users list
2024-06-07 10:28:41,394 Car body types list showed
2024-06-07 10:28:46,324 Car brand deleted
2024-06-07 10:28:49,788 Showing statistics
2024-06-07 10:28:57,225 Reviews page showed
2024-06-07 10:29:00,412 Glossary page showed
2024-06-07 10:29:14,676 News list showed
2024-06-07 10:32:27,245 Index page showed
2024-06-07 10:32:29,248 User successfuly logout
2024-06-07 10:32:40,477 Index page showed
2024-06-07 10:36:26,894 Index page showed
2024-06-07 10:36:28,185 Car park page showed
2024-06-07 10:36:29,891 Contacts page showed
2024-06-07 10:36:30,696 Discounts page showed
2024-06-07 10:36:31,520 Contacts page showed
2024-06-07 10:36:45,445 Contacts page showed
2024-06-07 10:36:47,050 Discounts page showed
2024-06-07 10:36:50,017 Vacancies page showed
2024-06-07 10:36:51,535 Glossary page showed
2024-06-07 10:36:52,249 News list showed
2024-06-07 10:36:53,525 News list showed
2024-06-07 10:36:54,974 About page showed
2024-06-07 10:36:58,543 Cat facts showed
2024-06-07 10:36:58,899 Privacy policy page showed
2024-06-07 10:37:00,970 Index page showed
2024-06-07 10:38:36,395 Car park page showed
2024-06-07 10:38:44,894 Car park page showed
2024-06-07 10:38:57,635 Car park page showed
2024-06-07 10:39:01,827 Contacts page showed
2024-06-07 10:39:05,161 Discounts page showed
2024-06-07 10:39:06,793 Reviews page showed
2024-06-07 10:39:10,539 Vacancies page showed
2024-06-07 10:39:12,800 Glossary page showed
2024-06-07 10:39:15,386 News list showed
2024-06-07 10:39:37,398 News list showed
2024-06-07 10:39:50,012 Glossary page showed
2024-06-07 10:39:51,686 News list showed
2024-06-07 10:39:54,171 About page showed
2024-06-07 10:39:56,579 Cat facts showed
2024-06-07 10:39:57,400 Privacy policy page showed
2024-06-07 10:40:26,759 User successfuly login
2024-06-07 10:40:26,793 Index page showed
2024-06-07 10:40:35,212 Car park page showed
2024-06-07 10:40:37,124 Car park page showed
2024-06-07 10:40:37,130 Buying car page showed
2024-06-07 10:40:58,064 Buying car page showed
2024-06-07 10:40:58,089 Order 9 has been successfully completed.
2024-06-07 10:41:11,543 Contacts page showed
2024-06-07 10:41:14,180 User successfuly logout
2024-06-07 10:41:27,068 User successfuly login
2024-06-07 10:41:27,086 Index page showed
2024-06-07 10:41:36,811 List orders showed for worker
2024-06-07 10:42:35,535 User successfuly logout
2024-06-07 10:42:40,385 User successfuly login
2024-06-07 10:42:40,402 Index page showed
2024-06-07 10:42:42,010 Showing statistics
2024-06-07 10:43:01,815 Car body types list showed
2024-06-07 10:43:16,623 Car body types added
2024-06-07 10:43:16,623 Car body types list showed
2024-06-07 10:43:34,279 Car body types edited
2024-06-07 10:43:34,279 Car body types list showed
2024-06-07 10:43:38,363 Car body types deleted
2024-06-07 10:43:38,363 Car body types list showed
2024-06-07 12:32:44,525 Car body types list showed
2024-06-07 13:03:28,300 Reviews page showed
2024-06-07 13:03:29,575 User successfuly logout
2024-06-07 13:03:36,558 User successfuly login
2024-06-07 13:03:36,586 Index page showed
2024-06-07 13:03:41,918 Reviews page showed
2024-06-07 13:03:52,355 Form is invalid
2024-06-07 13:03:58,231 User successfuly logout
2024-06-07 13:04:03,904 User successfuly login
2024-06-07 13:04:03,923 Index page showed
2024-06-07 13:05:33,354 Car park page showed
2024-06-07 13:23:56,550 Reviews page showed
2024-06-07 13:24:00,914 User successfuly logout
2024-06-07 13:24:10,169 User successfuly login
2024-06-07 13:24:10,185 Index page showed
2024-06-07 13:24:12,129 Reviews page showed
2024-06-07 13:24:29,161 Form is invalid
2024-06-07 13:27:43,954 Index page showed
2024-06-07 13:58:05,620 Discounts page showed
2024-06-07 13:58:07,538 User profile showed
